<?xml version="1.0" encoding="UTF-8"?>
<!-- Generated by org.testng.reporters.JUnitReportReporter -->
<testsuite skipped="0" hostname="IdeaPad-Saurabh" name="regression.TC_01_ValidateBestSellerTest" tests="1" failures="0" timestamp="2021-05-09T22:56:32 BST" time="4.416" errors="0">
  <testcase name="validateBestSeller" time="4.416" classname="regression.TC_01_ValidateBestSellerTest"/>
  <system-out/>
</testsuite> <!-- regression.TC_01_ValidateBestSellerTest -->
